Build started 2015-04-07 14:21:03.
     1>Project "E:\Code\RandomWorldGenerator\openGL3Example.vcxproj" on node 2 (build target(s)).
     1>InitializeBuildStatus:
         Touching "Debug\RandomWorldGenerator.unsuccessfulbuild".
       ClCompile:
         C:\Program Files (x86)\Microsoft Visual Studio 10.0\VC\bin\CL.exe /c /ZI /nologo /W3 /WX- /Od /Oy- /D WIN32 /D _DEBUG /D _CONSOLE /D _UNICODE /D UNICODE /Gm /EHsc /RTC1 /MDd /GS /fp:precise /Zc:wchar_t /Zc:forScope /Fo"Debug\\" /Fd"Debug\vc100.pdb" /Gd /TC /analyze- /errorReport:prompt src\FirstPersonCamera.c
         FirstPersonCamera.c
       Link:
         C:\Program Files (x86)\Microsoft Visual Studio 10.0\VC\bin\link.exe /ERRORREPORT:PROMPT /OUT:"E:\Code\RandomWorldGenerator\Debug\RandomWorldGenerator.exe" /INCREMENTAL:NO /NOLOGO opengl32.lib glu32.lib gdi32.lib freeglut.lib glew32.lib kernel32.lib user32.lib gdi32.lib winspool.lib comdlg32.lib advapi32.lib shell32.lib ole32.lib oleaut32.lib uuid.lib odbc32.lib odbccp32.lib /MANIFEST /ManifestFile:"Debug\RandomWorldGenerator.exe.intermediate.manifest" /MANIFESTUAC:"level='asInvoker' uiAccess='false'" /DEBUG /PDB:"E:\Code\RandomWorldGenerator\Debug\RandomWorldGenerator.pdb" /SUBSYSTEM:CONSOLE /TLBID:1 /DYNAMICBASE:NO /IMPLIB:"E:\Code\RandomWorldGenerator\Debug\RandomWorldGenerator.lib" /MACHINE:X86 Debug\FirstPersonCamera.obj
         Debug\GL_utilities.obj
         Debug\HeightMapTerrain.obj
         Debug\loadobj.obj
         Debug\LoadTGA.obj
         Debug\RandomWorldGenerator.obj
         Debug\VectorUtils3.obj
     1>FirstPersonCamera.obj : warning LNK4075: ignoring '/EDITANDCONTINUE' due to '/INCREMENTAL:NO' specification
     1>LINK : fatal error LNK1104: cannot open file 'freeglutd.lib'
     1>Done Building Project "E:\Code\RandomWorldGenerator\openGL3Example.vcxproj" (build target(s)) -- FAILED.

Build FAILED.

Time Elapsed 00:00:00.20
