Build started 2015-03-27 13:09:02.
     1>Project "E:\Torrents\lab4-1\lab4-1\openGL3Example.vcxproj" on node 2 (build target(s)).
     1>InitializeBuildStatus:
         Touching "Release\RandomWorldGenerator.unsuccessfulbuild".
       ClCompile:
         C:\Program Files (x86)\Microsoft Visual Studio 10.0\VC\bin\CL.exe /c /Zi /nologo /W3 /WX- /O2 /Oy- /GL /D WIN32 /D NDEBUG /D _CONSOLE /D _UNICODE /D UNICODE /Gm- /EHsc /MD /GS /fp:precise /Zc:wchar_t /Zc:forScope /Fo"Release\\" /Fd"Release\vc100.pdb" /Gd /TC /analyze- /errorReport:prompt src\RandomWorldGenerator.c
         RandomWorldGenerator.c
     1>src\RandomWorldGenerator.c(55): warning C4018: '<' : signed/unsigned mismatch
     1>src\RandomWorldGenerator.c(56): warning C4018: '<' : signed/unsigned mismatch
     1>src\RandomWorldGenerator.c(59): warning C4244: '=' : conversion from 'double' to 'GLfloat', possible loss of data
     1>src\RandomWorldGenerator.c(60): warning C4244: '=' : conversion from 'double' to 'GLfloat', possible loss of data
     1>src\RandomWorldGenerator.c(61): warning C4244: '=' : conversion from 'double' to 'GLfloat', possible loss of data
     1>src\RandomWorldGenerator.c(67): warning C4244: '=' : conversion from 'int' to 'GLfloat', possible loss of data
     1>src\RandomWorldGenerator.c(68): warning C4244: '=' : conversion from 'int' to 'GLfloat', possible loss of data
     1>src\RandomWorldGenerator.c(70): warning C4018: '<' : signed/unsigned mismatch
     1>src\RandomWorldGenerator.c(71): warning C4018: '<' : signed/unsigned mismatch
     1>src\RandomWorldGenerator.c(83): warning C4018: '<' : signed/unsigned mismatch
     1>src\RandomWorldGenerator.c(85): warning C4018: '<' : signed/unsigned mismatch
     1>src\RandomWorldGenerator.c(99): warning C4018: '>=' : signed/unsigned mismatch
     1>src\RandomWorldGenerator.c(99): warning C4018: '>=' : signed/unsigned mismatch
     1>src\RandomWorldGenerator.c(112): warning C4018: '>=' : signed/unsigned mismatch
     1>src\RandomWorldGenerator.c(112): warning C4018: '>=' : signed/unsigned mismatch
     1>src\RandomWorldGenerator.c(180): warning C4305: 'function' : truncation from 'double' to 'GLclampf'
     1>src\RandomWorldGenerator.c(180): warning C4305: 'function' : truncation from 'double' to 'GLclampf'
     1>src\RandomWorldGenerator.c(185): warning C4305: 'function' : truncation from 'double' to 'float'
     1>src\RandomWorldGenerator.c(185): warning C4305: 'function' : truncation from 'double' to 'float'
     1>src\RandomWorldGenerator.c(185): warning C4305: 'function' : truncation from 'double' to 'float'
     1>src\RandomWorldGenerator.c(185): warning C4305: 'function' : truncation from 'double' to 'float'
     1>src\RandomWorldGenerator.c(185): warning C4305: 'function' : truncation from 'double' to 'float'
     1>src\RandomWorldGenerator.c(210): warning C4244: 'initializing' : conversion from 'double' to 'int', possible loss of data
     1>src\RandomWorldGenerator.c(211): warning C4244: 'initializing' : conversion from 'double' to 'int', possible loss of data
     1>src\RandomWorldGenerator.c(314): warning C4244: 'function' : conversion from 'double' to 'GLfloat', possible loss of data
     1>src\RandomWorldGenerator.c(314): warning C4244: 'function' : conversion from 'double' to 'GLfloat', possible loss of data
     1>src\RandomWorldGenerator.c(315): warning C4244: 'function' : conversion from 'double' to 'GLfloat', possible loss of data
     1>src\RandomWorldGenerator.c(315): warning C4244: 'function' : conversion from 'double' to 'GLfloat', possible loss of data
     1>src\RandomWorldGenerator.c(334): warning C4244: '+=' : conversion from 'double' to 'GLfloat', possible loss of data
     1>src\RandomWorldGenerator.c(338): warning C4244: '-=' : conversion from 'double' to 'GLfloat', possible loss of data
     1>src\RandomWorldGenerator.c(342): warning C4244: '-=' : conversion from 'double' to 'GLfloat', possible loss of data
     1>src\RandomWorldGenerator.c(346): warning C4244: '+=' : conversion from 'double' to 'GLfloat', possible loss of data
     1>src\RandomWorldGenerator.c(350): warning C4244: '-=' : conversion from 'double' to 'GLfloat', possible loss of data
     1>src\RandomWorldGenerator.c(354): warning C4244: '+=' : conversion from 'double' to 'GLfloat', possible loss of data
     1>src\RandomWorldGenerator.c(358): warning C4244: '-=' : conversion from 'double' to 'GLfloat', possible loss of data
     1>src\RandomWorldGenerator.c(362): warning C4244: '+=' : conversion from 'double' to 'GLfloat', possible loss of data
     1>src\RandomWorldGenerator.c(366): warning C4244: '=' : conversion from 'int' to 'GLfloat', possible loss of data
     1>src\RandomWorldGenerator.c(367): warning C4244: '=' : conversion from 'int' to 'GLfloat', possible loss of data
     1>src\RandomWorldGenerator.c(391): warning C4018: '>=' : signed/unsigned mismatch
     1>src\RandomWorldGenerator.c(399): warning C4018: '>=' : signed/unsigned mismatch
       Link:
         C:\Program Files (x86)\Microsoft Visual Studio 10.0\VC\bin\link.exe /ERRORREPORT:PROMPT /OUT:"E:\Torrents\lab4-1\lab4-1\Release\RandomWorldGenerator.exe" /INCREMENTAL:NO /NOLOGO opengl32.lib glu32.lib gdi32.lib freeglut.lib glew32.lib kernel32.lib user32.lib gdi32.lib winspool.lib comdlg32.lib advapi32.lib shell32.lib ole32.lib oleaut32.lib uuid.lib odbc32.lib odbccp32.lib /MANIFEST /ManifestFile:"Release\RandomWorldGenerator.exe.intermediate.manifest" /MANIFESTUAC:"level='asInvoker' uiAccess='false'" /DEBUG /PDB:"E:\Torrents\lab4-1\lab4-1\Release\RandomWorldGenerator.pdb" /SUBSYSTEM:CONSOLE /OPT:REF /OPT:ICF /LTCG /TLBID:1 /DYNAMICBASE:NO /IMPLIB:"E:\Torrents\lab4-1\lab4-1\Release\RandomWorldGenerator.lib" /MACHINE:X86 Release\GL_utilities.obj
         Release\loadobj.obj
         Release\LoadTGA.obj
         Release\RandomWorldGenerator.obj
         Release\VectorUtils3.obj
         Generating code
         Finished generating code
         openGL3Example.vcxproj -> E:\Torrents\lab4-1\lab4-1\Release\RandomWorldGenerator.exe
       Manifest:
         C:\Program Files (x86)\Microsoft SDKs\Windows\v7.0A\bin\mt.exe /nologo /verbose /outputresource:"E:\Torrents\lab4-1\lab4-1\Release\RandomWorldGenerator.exe;#1" /manifest Release\RandomWorldGenerator.exe.intermediate.manifest
       FinalizeBuildStatus:
         Deleting file "Release\RandomWorldGenerator.unsuccessfulbuild".
         Touching "Release\RandomWorldGenerator.lastbuildstate".
     1>Done Building Project "E:\Torrents\lab4-1\lab4-1\openGL3Example.vcxproj" (build target(s)).

Build succeeded.

Time Elapsed 00:00:00.45
