C:\Users\Fredrik\Documents\Projektkurs\RandomWorldGenerator\Release\cl.command.1.tlog
C:\Users\Fredrik\Documents\Projektkurs\RandomWorldGenerator\Release\CL.read.1.tlog
C:\Users\Fredrik\Documents\Projektkurs\RandomWorldGenerator\Release\CL.write.1.tlog
C:\USERS\FREDRIK\DOCUMENTS\PROJEKTKURS\RANDOMWORLDGENERATOR\RELEASE\COLOR.OBJ
C:\USERS\FREDRIK\DOCUMENTS\PROJEKTKURS\RANDOMWORLDGENERATOR\RELEASE\DAYNIGHTCYCLE.OBJ
C:\USERS\FREDRIK\DOCUMENTS\PROJEKTKURS\RANDOMWORLDGENERATOR\RELEASE\FBOHELPER.OBJ
C:\USERS\FREDRIK\DOCUMENTS\PROJEKTKURS\RANDOMWORLDGENERATOR\RELEASE\FIRSTPERSONCAMERA.OBJ
C:\USERS\FREDRIK\DOCUMENTS\PROJEKTKURS\RANDOMWORLDGENERATOR\RELEASE\GL_UTILITIES.OBJ
C:\USERS\FREDRIK\DOCUMENTS\PROJEKTKURS\RANDOMWORLDGENERATOR\RELEASE\HEIGHTMAPTERRAIN.OBJ
C:\Users\Fredrik\Documents\Projektkurs\RandomWorldGenerator\Release\link.command.1.tlog
C:\Users\Fredrik\Documents\Projektkurs\RandomWorldGenerator\Release\link.read.1.tlog
C:\Users\Fredrik\Documents\Projektkurs\RandomWorldGenerator\Release\link.write.1.tlog
C:\USERS\FREDRIK\DOCUMENTS\PROJEKTKURS\RANDOMWORLDGENERATOR\RELEASE\LOADOBJ.OBJ
C:\USERS\FREDRIK\DOCUMENTS\PROJEKTKURS\RANDOMWORLDGENERATOR\RELEASE\LOADTGA.OBJ
C:\Users\Fredrik\Documents\Projektkurs\RandomWorldGenerator\Release\mt.command.1.tlog
C:\Users\Fredrik\Documents\Projektkurs\RandomWorldGenerator\Release\mt.read.1.tlog
C:\Users\Fredrik\Documents\Projektkurs\RandomWorldGenerator\Release\mt.write.1.tlog
C:\USERS\FREDRIK\DOCUMENTS\PROJEKTKURS\RANDOMWORLDGENERATOR\RELEASE\RANDOMWORLDGENERATOR.EXE
C:\USERS\FREDRIK\DOCUMENTS\PROJEKTKURS\RANDOMWORLDGENERATOR\RELEASE\RANDOMWORLDGENERATOR.EXE.INTERMEDIATE.MANIFEST
C:\USERS\FREDRIK\DOCUMENTS\PROJEKTKURS\RANDOMWORLDGENERATOR\RELEASE\RANDOMWORLDGENERATOR.OBJ
C:\USERS\FREDRIK\DOCUMENTS\PROJEKTKURS\RANDOMWORLDGENERATOR\RELEASE\RANDOMWORLDGENERATOR.PDB
C:\Users\Fredrik\Documents\Projektkurs\RandomWorldGenerator\Release\RandomWorldGenerator.write.1.tlog
C:\USERS\FREDRIK\DOCUMENTS\PROJEKTKURS\RANDOMWORLDGENERATOR\RELEASE\TILEMAP.OBJ
C:\USERS\FREDRIK\DOCUMENTS\PROJEKTKURS\RANDOMWORLDGENERATOR\RELEASE\WATERSOURCE.OBJ
C:\USERS\FREDRIK\DOCUMENTS\PROJEKTKURS\RANDOMWORLDGENERATOR\RELEASE\VC100.PDB
C:\USERS\FREDRIK\DOCUMENTS\PROJEKTKURS\RANDOMWORLDGENERATOR\RELEASE\VECTORUTILS3.OBJ
